2025-12-26 21:58:28.899 | INFO     | myoconverter.O2MPipeline:O2MPipeline:52 - Start the conversion pipeline for : example_opensim_model
2025-12-26 21:58:28.899 | INFO     | myoconverter.O2MPipeline:coordinate_kwargs:75 - Coordinate the input configurations, remove conflicts.
2025-12-26 21:58:28.899 | INFO     | myoconverter.conversion_steps.O2MSteps:__init__:84 - Given OpenSim model file: GaitDynamics/example_opensim_model.osim
2025-12-26 21:58:28.899 | INFO     | myoconverter.conversion_steps.O2MSteps:__init__:85 - Reading mesh files from folder Session1/OpenSimData/Model/Geometry
2025-12-26 21:58:28.899 | INFO     | myoconverter.conversion_steps.O2MSteps:__init__:86 - Converted model will be saved in folder GaitDynamics/output
2025-12-26 21:58:28.899 | INFO     | myoconverter.conversion_steps.O2MSteps:PipelineExecution:124 - Started step 1 conversion - cvt1.
2025-12-26 21:58:29.506 | INFO     | myoconverter.xml.converter:convert:40 - Commencing the conversion procedure!
2025-12-26 21:58:29.506 | INFO     | myoconverter.xml.converter:_parse_ground:138 - Parsing the ground
2025-12-26 21:58:29.507 | INFO     | myoconverter.xml.parsers:parse:59 - [BodyParser: Ground] ground
2025-12-26 21:58:29.507 | INFO     | myoconverter.xml.converter:_parse_constraints:147 - Starting to parse constraints
2025-12-26 21:58:29.507 | INFO     | myoconverter.xml.parsers:parse:59 - [ConstraintParser: CoordinateCouplerConstraint] patellofemoral_knee_angle_r_con
2025-12-26 21:58:29.507 | INFO     | myoconverter.xml.parsers:parse:59 - [ConstraintParser: CoordinateCouplerConstraint] patellofemoral_knee_angle_l_con
2025-12-26 21:58:29.507 | INFO     | myoconverter.xml.converter:_parse_bodies_and_joints:80 - Starting to parse bodies, wrapping objects, and joints
2025-12-26 21:58:29.508 | INFO     | myoconverter.xml.parsers:parse:59 - [BodyParser: Body] pelvis
2025-12-26 21:58:29.526 | INFO     | myoconverter.xml.parsers:parse:59 - [WrapObjectParser: WrapCylinder] Gmax1_at_pelvis_r
2025-12-26 21:58:29.527 | INFO     | myoconverter.xml.parsers:parse:59 - [WrapObjectParser: WrapCylinder] Gmax2_at_pelvis_r
2025-12-26 21:58:29.527 | INFO     | myoconverter.xml.parsers:parse:59 - [WrapObjectParser: WrapCylinder] Gmax3_at_pelvis_r
2025-12-26 21:58:29.527 | INFO     | myoconverter.xml.parsers:parse:59 - [WrapObjectParser: WrapCylinder] Gmax1_at_pelvis_l
2025-12-26 21:58:29.527 | INFO     | myoconverter.xml.parsers:parse:59 - [WrapObjectParser: WrapCylinder] Gmax2_at_pelvis_l
2025-12-26 21:58:29.527 | INFO     | myoconverter.xml.parsers:parse:59 - [WrapObjectParser: WrapCylinder] Gmax3_at_pelvis_l
2025-12-26 21:58:29.527 | INFO     | myoconverter.xml.parsers:parse:59 - [WrapObjectParser: WrapCylinder] PS_at_brim_r
2025-12-26 21:58:29.527 | INFO     | myoconverter.xml.parsers:parse:59 - [WrapObjectParser: WrapCylinder] PS_at_brim_l
2025-12-26 21:58:29.527 | INFO     | myoconverter.xml.parsers:parse:59 - [WrapObjectParser: WrapCylinder] IL_at_brim_r
2025-12-26 21:58:29.528 | INFO     | myoconverter.xml.parsers:parse:59 - [WrapObjectParser: WrapCylinder] IL_at_brim_l
2025-12-26 21:58:29.528 | INFO     | myoconverter.xml.parsers:parse:59 - [JointParser: CustomJoint] ground_pelvis
2025-12-26 21:58:29.529 | INFO     | myoconverter.xml.parsers:parse:59 - [BodyParser: Body] femur_r
2025-12-26 21:58:29.535 | INFO     | myoconverter.xml.parsers:parse:59 - [WrapObjectParser: WrapCylinder] Gastroc_at_condyles_r
2025-12-26 21:58:29.535 | INFO     | myoconverter.xml.parsers:parse:59 - [WrapObjectParser: WrapCylinder] KnExt_at_fem_r
2025-12-26 21:58:29.536 | INFO     | myoconverter.xml.parsers:parse:59 - [WrapObjectParser: WrapCylinder] AB_at_femshaft_r
2025-12-26 21:58:29.536 | INFO     | myoconverter.xml.parsers:parse:59 - [WrapObjectParser: WrapCylinder] AL_at_femshaft_r
2025-12-26 21:58:29.536 | INFO     | myoconverter.xml.parsers:parse:59 - [WrapObjectParser: WrapCylinder] AMprox_at_femshaft_r
2025-12-26 21:58:29.536 | INFO     | myoconverter.xml.parsers:parse:59 - [WrapObjectParser: WrapCylinder] AMmid_at_femshaft_r
2025-12-26 21:58:29.536 | INFO     | myoconverter.xml.parsers:parse:59 - [WrapObjectParser: WrapCylinder] AMdist_at_femshaft_r
2025-12-26 21:58:29.536 | INFO     | myoconverter.xml.parsers:parse:59 - [WrapObjectParser: WrapCylinder] AMisch_at_condyles_r
2025-12-26 21:58:29.536 | INFO     | myoconverter.xml.parsers:parse:59 - [WrapObjectParser: WrapCylinder] PECT_at_femshaft_r
2025-12-26 21:58:29.536 | INFO     | myoconverter.xml.parsers:parse:59 - [JointParser: CustomJoint] hip_r
2025-12-26 21:58:29.537 | INFO     | myoconverter.xml.parsers:parse:59 - [BodyParser: Body] tibia_r
2025-12-26 21:58:29.544 | INFO     | myoconverter.xml.parsers:parse:59 - [WrapObjectParser: WrapCylinder] GasLat_at_shank_r
2025-12-26 21:58:29.544 | INFO     | myoconverter.xml.parsers:parse:59 - [WrapObjectParser: WrapCylinder] GasMed_at_shank_r
2025-12-26 21:58:29.544 | INFO     | myoconverter.xml.parsers:parse:59 - [WrapObjectParser: WrapCylinder] GR_at_condyles_r
2025-12-26 21:58:29.544 | INFO     | myoconverter.xml.parsers:parse:59 - [WrapObjectParser: WrapCylinder] SM_at_condyles_r
2025-12-26 21:58:29.545 | INFO     | myoconverter.xml.parsers:parse:59 - [WrapObjectParser: WrapCylinder] ST_at_condyles_r
2025-12-26 21:58:29.545 | INFO     | myoconverter.xml.parsers:parse:59 - [WrapObjectParser: WrapCylinder] BF_at_gastroc_r
2025-12-26 21:58:29.545 | INFO     | myoconverter.xml.parsers:parse:59 - [JointParser: CustomJoint] walker_knee_r
2025-12-26 21:58:29.848 | INFO     | myoconverter.xml.parsers:parse:59 - [BodyParser: Body] talus_r
2025-12-26 21:58:29.852 | WARNING  | myoconverter.xml.bodies.utils:get_rgba:94 - Setting mesh talus_r_geom_1 to invisible
2025-12-26 21:58:29.852 | INFO     | myoconverter.xml.parsers:parse:59 - [JointParser: PinJoint] ankle_r
2025-12-26 21:58:29.852 | INFO     | myoconverter.xml.parsers:parse:59 - [BodyParser: Body] calcn_r
2025-12-26 21:58:29.858 | INFO     | myoconverter.xml.parsers:parse:59 - [JointParser: PinJoint] subtalar_r
2025-12-26 21:58:29.859 | INFO     | myoconverter.xml.parsers:parse:59 - [BodyParser: Body] toes_r
2025-12-26 21:58:29.865 | INFO     | myoconverter.xml.parsers:parse:59 - [JointParser: PinJoint] mtp_r
2025-12-26 21:58:29.866 | INFO     | myoconverter.xml.parsers:parse:59 - [BodyParser: Body] patella_r
2025-12-26 21:58:29.869 | INFO     | myoconverter.xml.parsers:parse:59 - [JointParser: CustomJoint] patellofemoral_r
2025-12-26 21:58:30.047 | INFO     | myoconverter.xml.parsers:parse:59 - [BodyParser: Body] femur_l
2025-12-26 21:58:30.053 | INFO     | myoconverter.xml.parsers:parse:59 - [WrapObjectParser: WrapCylinder] Gastroc_at_condyles_l
2025-12-26 21:58:30.054 | INFO     | myoconverter.xml.parsers:parse:59 - [WrapObjectParser: WrapCylinder] KnExt_at_fem_l
2025-12-26 21:58:30.054 | INFO     | myoconverter.xml.parsers:parse:59 - [WrapObjectParser: WrapCylinder] AB_at_femshaft_l
2025-12-26 21:58:30.055 | INFO     | myoconverter.xml.parsers:parse:59 - [WrapObjectParser: WrapCylinder] AL_at_femshaft_l
2025-12-26 21:58:30.055 | INFO     | myoconverter.xml.parsers:parse:59 - [WrapObjectParser: WrapCylinder] AMprox_at_femshaft_l
2025-12-26 21:58:30.055 | INFO     | myoconverter.xml.parsers:parse:59 - [WrapObjectParser: WrapCylinder] AMmid_at_femshaft_l
2025-12-26 21:58:30.055 | INFO     | myoconverter.xml.parsers:parse:59 - [WrapObjectParser: WrapCylinder] AMdist_at_femshaft_l
2025-12-26 21:58:30.055 | INFO     | myoconverter.xml.parsers:parse:59 - [WrapObjectParser: WrapCylinder] AMisch_at_condyles_l
2025-12-26 21:58:30.056 | INFO     | myoconverter.xml.parsers:parse:59 - [WrapObjectParser: WrapCylinder] PECT_at_femshaft_l
2025-12-26 21:58:30.056 | INFO     | myoconverter.xml.parsers:parse:59 - [JointParser: CustomJoint] hip_l
2025-12-26 21:58:30.057 | INFO     | myoconverter.xml.parsers:parse:59 - [BodyParser: Body] tibia_l
2025-12-26 21:58:30.064 | INFO     | myoconverter.xml.parsers:parse:59 - [WrapObjectParser: WrapCylinder] GasLat_at_shank_l
2025-12-26 21:58:30.064 | INFO     | myoconverter.xml.parsers:parse:59 - [WrapObjectParser: WrapCylinder] GasMed_at_shank_l
2025-12-26 21:58:30.065 | INFO     | myoconverter.xml.parsers:parse:59 - [WrapObjectParser: WrapCylinder] GR_at_condyles_l
2025-12-26 21:58:30.065 | INFO     | myoconverter.xml.parsers:parse:59 - [WrapObjectParser: WrapCylinder] SM_at_condyles_l
2025-12-26 21:58:30.065 | INFO     | myoconverter.xml.parsers:parse:59 - [WrapObjectParser: WrapCylinder] ST_at_condyles_l
2025-12-26 21:58:30.065 | INFO     | myoconverter.xml.parsers:parse:59 - [WrapObjectParser: WrapCylinder] BF_at_gastroc_l
2025-12-26 21:58:30.065 | INFO     | myoconverter.xml.parsers:parse:59 - [JointParser: CustomJoint] walker_knee_l
2025-12-26 21:58:30.294 | INFO     | myoconverter.xml.parsers:parse:59 - [BodyParser: Body] talus_l
2025-12-26 21:58:30.297 | WARNING  | myoconverter.xml.bodies.utils:get_rgba:94 - Setting mesh talus_l_geom_1 to invisible
2025-12-26 21:58:30.297 | INFO     | myoconverter.xml.parsers:parse:59 - [JointParser: PinJoint] ankle_l
2025-12-26 21:58:30.298 | INFO     | myoconverter.xml.parsers:parse:59 - [BodyParser: Body] calcn_l
2025-12-26 21:58:30.304 | INFO     | myoconverter.xml.parsers:parse:59 - [JointParser: PinJoint] subtalar_l
2025-12-26 21:58:30.304 | INFO     | myoconverter.xml.parsers:parse:59 - [BodyParser: Body] toes_l
2025-12-26 21:58:30.311 | INFO     | myoconverter.xml.parsers:parse:59 - [JointParser: PinJoint] mtp_l
2025-12-26 21:58:30.311 | INFO     | myoconverter.xml.parsers:parse:59 - [BodyParser: Body] patella_l
2025-12-26 21:58:30.314 | INFO     | myoconverter.xml.parsers:parse:59 - [JointParser: CustomJoint] patellofemoral_l
2025-12-26 21:58:30.487 | INFO     | myoconverter.xml.parsers:parse:59 - [BodyParser: Body] torso
2025-12-26 21:58:31.224 | INFO     | myoconverter.xml.parsers:parse:59 - [JointParser: CustomJoint] back
2025-12-26 21:58:31.225 | INFO     | myoconverter.xml.converter:_parse_forces:156 - Starting to parse forces, including path points and wrap paths
2025-12-26 21:58:31.225 | INFO     | myoconverter.xml.parsers:parse:59 - [ForceParser: Millard2012EquilibriumMuscle] addbrev_r
2025-12-26 21:58:31.225 | INFO     | myoconverter.xml.parsers:parse:59 - [PathPointParser: PathPoint] addbrev_r-P1
2025-12-26 21:58:31.225 | INFO     | myoconverter.xml.parsers:parse:59 - [PathPointParser: PathPoint] addbrev_r-P2
2025-12-26 21:58:31.225 | INFO     | myoconverter.xml.parsers:parse:59 - [PathWrapSetParser: PathWrapSet] 
2025-12-26 21:58:31.228 | INFO     | myoconverter.xml.parsers:parse:59 - [PathWrapParser: PathWrap] pathwrap
2025-12-26 21:58:31.235 | INFO     | myoconverter.xml.parsers:parse:59 - [ForceParser: Millard2012EquilibriumMuscle] addlong_r
2025-12-26 21:58:31.235 | INFO     | myoconverter.xml.parsers:parse:59 - [PathPointParser: PathPoint] addlong_r-P1
2025-12-26 21:58:31.235 | INFO     | myoconverter.xml.parsers:parse:59 - [PathPointParser: PathPoint] addlong_r-P2
2025-12-26 21:58:31.236 | INFO     | myoconverter.xml.parsers:parse:59 - [PathWrapSetParser: PathWrapSet] 
2025-12-26 21:58:31.236 | INFO     | myoconverter.xml.parsers:parse:59 - [PathWrapParser: PathWrap] pathwrap
2025-12-26 21:58:31.236 | INFO     | myoconverter.xml.parsers:parse:59 - [ForceParser: Millard2012EquilibriumMuscle] addmagDist_r
2025-12-26 21:58:31.236 | INFO     | myoconverter.xml.parsers:parse:59 - [PathPointParser: PathPoint] addmagDist_r-P1
2025-12-26 21:58:31.242 | INFO     | myoconverter.xml.parsers:parse:59 - [PathPointParser: PathPoint] addmagDist_r-P2
2025-12-26 21:58:31.242 | INFO     | myoconverter.xml.parsers:parse:59 - [PathWrapSetParser: PathWrapSet] 
2025-12-26 21:58:31.242 | INFO     | myoconverter.xml.parsers:parse:59 - [PathWrapParser: PathWrap] pathwrap
2025-12-26 21:58:31.243 | INFO     | myoconverter.xml.parsers:parse:59 - [ForceParser: Millard2012EquilibriumMuscle] addmagIsch_r
2025-12-26 21:58:31.243 | INFO     | myoconverter.xml.parsers:parse:59 - [PathPointParser: PathPoint] addmagIsch_r-P1
2025-12-26 21:58:31.243 | INFO     | myoconverter.xml.parsers:parse:59 - [PathPointParser: PathPoint] addmagIsch_r-P2
2025-12-26 21:58:31.246 | INFO     | myoconverter.xml.parsers:parse:59 - [PathWrapSetParser: PathWrapSet] 
2025-12-26 21:58:31.247 | INFO     | myoconverter.xml.parsers:parse:59 - [PathWrapParser: PathWrap] pathwrap
2025-12-26 21:58:31.247 | INFO     | myoconverter.xml.parsers:parse:59 - [ForceParser: Millard2012EquilibriumMuscle] addmagMid_r
2025-12-26 21:58:31.247 | INFO     | myoconverter.xml.parsers:parse:59 - [PathPointParser: PathPoint] addmagMid_r-P1
2025-12-26 21:58:31.247 | INFO     | myoconverter.xml.parsers:parse:59 - [PathPointParser: PathPoint] addmagMid_r-P2
2025-12-26 21:58:31.248 | INFO     | myoconverter.xml.parsers:parse:59 - [PathWrapSetParser: PathWrapSet] 
2025-12-26 21:58:31.248 | INFO     | myoconverter.xml.parsers:parse:59 - [PathWrapParser: PathWrap] pathwrap
2025-12-26 21:58:31.248 | INFO     | myoconverter.xml.parsers:parse:59 - [ForceParser: Millard2012EquilibriumMuscle] addmagProx_r
2025-12-26 21:58:31.265 | INFO     | myoconverter.xml.parsers:parse:59 - [PathPointParser: PathPoint] addmagProx_r-P1
2025-12-26 21:58:31.265 | INFO     | myoconverter.xml.parsers:parse:59 - [PathPointParser: PathPoint] addmagProx_r-P2
2025-12-26 21:58:31.265 | INFO     | myoconverter.xml.parsers:parse:59 - [PathWrapSetParser: PathWrapSet] 
2025-12-26 21:58:31.265 | INFO     | myoconverter.xml.parsers:parse:59 - [PathWrapParser: PathWrap] pathwrap
2025-12-26 21:58:31.274 | INFO     | myoconverter.xml.parsers:parse:59 - [ForceParser: Millard2012EquilibriumMuscle] bflh_r
2025-12-26 21:58:31.274 | INFO     | myoconverter.xml.parsers:parse:59 - [PathPointParser: PathPoint] bflh_r-P1
2025-12-26 21:58:31.274 | INFO     | myoconverter.xml.parsers:parse:59 - [PathPointParser: PathPoint] bflh_r-P2
2025-12-26 21:58:31.282 | INFO     | myoconverter.xml.parsers:parse:59 - [PathPointParser: PathPoint] bflh_r-P3
2025-12-26 21:58:31.282 | INFO     | myoconverter.xml.parsers:parse:59 - [PathWrapSetParser: PathWrapSet] 
2025-12-26 21:58:31.283 | INFO     | myoconverter.xml.parsers:parse:59 - [ForceParser: Millard2012EquilibriumMuscle] bfsh_r
2025-12-26 21:58:31.283 | INFO     | myoconverter.xml.parsers:parse:59 - [PathPointParser: PathPoint] bfsh_r-P1
2025-12-26 21:58:31.283 | INFO     | myoconverter.xml.parsers:parse:59 - [PathPointParser: PathPoint] bfsh_r-P2
2025-12-26 21:58:31.283 | INFO     | myoconverter.xml.parsers:parse:59 - [PathWrapSetParser: PathWrapSet] 
2025-12-26 21:58:31.288 | INFO     | myoconverter.xml.parsers:parse:59 - [PathWrapParser: PathWrap] pathwrap
2025-12-26 21:58:31.294 | INFO     | myoconverter.xml.parsers:parse:59 - [ForceParser: Millard2012EquilibriumMuscle] edl_r
2025-12-26 21:58:31.295 | INFO     | myoconverter.xml.parsers:parse:59 - [PathPointParser: PathPoint] edl_r-P1
2025-12-26 21:58:31.295 | INFO     | myoconverter.xml.parsers:parse:59 - [PathPointParser: PathPoint] edl_r-P2
2025-12-26 21:58:31.295 | INFO     | myoconverter.xml.parsers:parse:59 - [PathPointParser: PathPoint] edl_r-P3
2025-12-26 21:58:31.295 | INFO     | myoconverter.xml.parsers:parse:59 - [PathPointParser: PathPoint] edl_r-P4
2025-12-26 21:58:31.295 | INFO     | myoconverter.xml.parsers:parse:59 - [PathPointParser: PathPoint] edl_r-P5
2025-12-26 21:58:31.295 | INFO     | myoconverter.xml.parsers:parse:59 - [PathPointParser: PathPoint] edl_r-P6
2025-12-26 21:58:31.295 | INFO     | myoconverter.xml.parsers:parse:59 - [PathWrapSetParser: PathWrapSet] 
2025-12-26 21:58:31.295 | INFO     | myoconverter.xml.parsers:parse:59 - [ForceParser: Millard2012EquilibriumMuscle] ehl_r
2025-12-26 21:58:31.295 | INFO     | myoconverter.xml.parsers:parse:59 - [PathPointParser: PathPoint] ehl_r-P1
2025-12-26 21:58:31.295 | INFO     | myoconverter.xml.parsers:parse:59 - [PathPointParser: PathPoint] ehl_r-P2
2025-12-26 21:58:31.295 | INFO     | myoconverter.xml.parsers:parse:59 - [PathPointParser: PathPoint] ehl_r-P3
2025-12-26 21:58:31.296 | INFO     | myoconverter.xml.parsers:parse:59 - [PathPointParser: PathPoint] ehl_r-P4
2025-12-26 21:58:31.296 | INFO     | myoconverter.xml.parsers:parse:59 - [PathPointParser: PathPoint] ehl_r-P5
2025-12-26 21:58:31.296 | INFO     | myoconverter.xml.parsers:parse:59 - [PathPointParser: PathPoint] ehl_r-P6
2025-12-26 21:58:31.296 | INFO     | myoconverter.xml.parsers:parse:59 - [PathPointParser: PathPoint] ehl_r-P7
2025-12-26 21:58:31.296 | INFO     | myoconverter.xml.parsers:parse:59 - [PathPointParser: PathPoint] ehl_r-P8
2025-12-26 21:58:31.296 | INFO     | myoconverter.xml.parsers:parse:59 - [PathWrapSetParser: PathWrapSet] 
2025-12-26 21:58:31.298 | INFO     | myoconverter.xml.parsers:parse:59 - [ForceParser: Millard2012EquilibriumMuscle] fdl_r
2025-12-26 21:58:31.298 | INFO     | myoconverter.xml.parsers:parse:59 - [PathPointParser: PathPoint] fdl_r-P1
2025-12-26 21:58:31.298 | INFO     | myoconverter.xml.parsers:parse:59 - [PathPointParser: PathPoint] fdl_r-P2
2025-12-26 21:58:31.298 | INFO     | myoconverter.xml.parsers:parse:59 - [PathPointParser: PathPoint] fdl_r-P3
2025-12-26 21:58:31.299 | INFO     | myoconverter.xml.parsers:parse:59 - [PathPointParser: PathPoint] fdl_r-P4
2025-12-26 21:58:31.299 | INFO     | myoconverter.xml.parsers:parse:59 - [PathPointParser: PathPoint] fdl_r-P5
2025-12-26 21:58:31.299 | INFO     | myoconverter.xml.parsers:parse:59 - [PathPointParser: PathPoint] fdl_r-P6
2025-12-26 21:58:31.299 | INFO     | myoconverter.xml.parsers:parse:59 - [PathPointParser: PathPoint] fdl_r-P7
2025-12-26 21:58:31.299 | INFO     | myoconverter.xml.parsers:parse:59 - [PathPointParser: PathPoint] fdl_r-P8
2025-12-26 21:58:31.299 | INFO     | myoconverter.xml.parsers:parse:59 - [PathWrapSetParser: PathWrapSet] 
2025-12-26 21:58:31.299 | INFO     | myoconverter.xml.parsers:parse:59 - [ForceParser: Millard2012EquilibriumMuscle] fhl_r
2025-12-26 21:58:31.299 | INFO     | myoconverter.xml.parsers:parse:59 - [PathPointParser: PathPoint] fhl_r-P1
2025-12-26 21:58:31.299 | INFO     | myoconverter.xml.parsers:parse:59 - [PathPointParser: PathPoint] fhl_r-P2
2025-12-26 21:58:31.299 | INFO     | myoconverter.xml.parsers:parse:59 - [PathPointParser: PathPoint] fhl_r-P3
2025-12-26 21:58:31.299 | INFO     | myoconverter.xml.parsers:parse:59 - [PathPointParser: PathPoint] fhl_r-P4
2025-12-26 21:58:31.299 | INFO     | myoconverter.xml.parsers:parse:59 - [PathPointParser: PathPoint] fhl_r-P5
2025-12-26 21:58:31.299 | INFO     | myoconverter.xml.parsers:parse:59 - [PathPointParser: PathPoint] fhl_r-P6
2025-12-26 21:58:31.299 | INFO     | myoconverter.xml.parsers:parse:59 - [PathPointParser: PathPoint] fhl_r-P7
2025-12-26 21:58:31.302 | INFO     | myoconverter.xml.parsers:parse:59 - [PathWrapSetParser: PathWrapSet] 
2025-12-26 21:58:31.302 | INFO     | myoconverter.xml.parsers:parse:59 - [ForceParser: Millard2012EquilibriumMuscle] gaslat_r
2025-12-26 21:58:31.302 | INFO     | myoconverter.xml.parsers:parse:59 - [PathPointParser: PathPoint] gaslat_r-P1
2025-12-26 21:58:31.302 | INFO     | myoconverter.xml.parsers:parse:59 - [PathPointParser: PathPoint] gaslat_r-P2
2025-12-26 21:58:31.303 | INFO     | myoconverter.xml.parsers:parse:59 - [PathWrapSetParser: PathWrapSet] 
2025-12-26 21:58:31.303 | INFO     | myoconverter.xml.parsers:parse:59 - [PathWrapParser: PathWrap] pathwrap
2025-12-26 21:58:31.307 | INFO     | myoconverter.xml.parsers:parse:59 - [PathWrapParser: PathWrap] pathwrap_0
2025-12-26 21:58:31.308 | INFO     | myoconverter.xml.parsers:parse:59 - [ForceParser: Millard2012EquilibriumMuscle] gasmed_r
2025-12-26 21:58:31.308 | INFO     | myoconverter.xml.parsers:parse:59 - [PathPointParser: PathPoint] gasmed_r-P1
2025-12-26 21:58:31.308 | INFO     | myoconverter.xml.parsers:parse:59 - [PathPointParser: PathPoint] gasmed_r-P2
2025-12-26 21:58:31.308 | INFO     | myoconverter.xml.parsers:parse:59 - [PathWrapSetParser: PathWrapSet] 
2025-12-26 21:58:31.308 | INFO     | myoconverter.xml.parsers:parse:59 - [PathWrapParser: PathWrap] pathwrap
2025-12-26 21:58:31.309 | INFO     | myoconverter.xml.parsers:parse:59 - [PathWrapParser: PathWrap] pathwrap_0
2025-12-26 21:58:31.316 | INFO     | myoconverter.xml.parsers:parse:59 - [ForceParser: Millard2012EquilibriumMuscle] glmax1_r
2025-12-26 21:58:31.316 | INFO     | myoconverter.xml.parsers:parse:59 - [PathPointParser: PathPoint] glmax1_r-P1
2025-12-26 21:58:31.316 | INFO     | myoconverter.xml.parsers:parse:59 - [PathPointParser: PathPoint] glmax1_r-P2
2025-12-26 21:58:31.316 | INFO     | myoconverter.xml.parsers:parse:59 - [PathPointParser: PathPoint] glmax1_r-P3
2025-12-26 21:58:31.317 | INFO     | myoconverter.xml.parsers:parse:59 - [PathPointParser: PathPoint] glmax1_r-P4
2025-12-26 21:58:31.317 | INFO     | myoconverter.xml.parsers:parse:59 - [PathWrapSetParser: PathWrapSet] 
2025-12-26 21:58:31.317 | INFO     | myoconverter.xml.parsers:parse:59 - [PathWrapParser: PathWrap] pathwrap
2025-12-26 21:58:31.323 | INFO     | myoconverter.xml.parsers:parse:59 - [ForceParser: Millard2012EquilibriumMuscle] glmax2_r
2025-12-26 21:58:31.323 | INFO     | myoconverter.xml.parsers:parse:59 - [PathPointParser: PathPoint] glmax2_r-P1
2025-12-26 21:58:31.323 | INFO     | myoconverter.xml.parsers:parse:59 - [PathPointParser: PathPoint] glmax2_r-P2
2025-12-26 21:58:31.323 | INFO     | myoconverter.xml.parsers:parse:59 - [PathPointParser: PathPoint] glmax2_r-P3
2025-12-26 21:58:31.323 | INFO     | myoconverter.xml.parsers:parse:59 - [PathPointParser: PathPoint] glmax2_r-P4
2025-12-26 21:58:31.323 | INFO     | myoconverter.xml.parsers:parse:59 - [PathWrapSetParser: PathWrapSet] 
2025-12-26 21:58:31.323 | INFO     | myoconverter.xml.parsers:parse:59 - [PathWrapParser: PathWrap] pathwrap
2025-12-26 21:58:31.330 | INFO     | myoconverter.xml.parsers:parse:59 - [ForceParser: Millard2012EquilibriumMuscle] glmax3_r
2025-12-26 21:58:31.331 | INFO     | myoconverter.xml.parsers:parse:59 - [PathPointParser: PathPoint] glmax3_r-P1
2025-12-26 21:58:31.331 | INFO     | myoconverter.xml.parsers:parse:59 - [PathPointParser: PathPoint] glmax3_r-P2
2025-12-26 21:58:31.331 | INFO     | myoconverter.xml.parsers:parse:59 - [PathPointParser: PathPoint] glmax3_r-P3
2025-12-26 21:58:31.331 | INFO     | myoconverter.xml.parsers:parse:59 - [PathPointParser: PathPoint] glmax3_r-P4
2025-12-26 21:58:31.331 | INFO     | myoconverter.xml.parsers:parse:59 - [PathWrapSetParser: PathWrapSet] 
2025-12-26 21:58:31.331 | INFO     | myoconverter.xml.parsers:parse:59 - [PathWrapParser: PathWrap] pathwrap
2025-12-26 21:58:31.334 | INFO     | myoconverter.xml.parsers:parse:59 - [ForceParser: Millard2012EquilibriumMuscle] glmed1_r
2025-12-26 21:58:31.334 | INFO     | myoconverter.xml.parsers:parse:59 - [PathPointParser: PathPoint] glmed1_r-P1
2025-12-26 21:58:31.334 | INFO     | myoconverter.xml.parsers:parse:59 - [PathPointParser: PathPoint] glmed1_r-P2_0
2025-12-26 21:58:31.334 | INFO     | myoconverter.xml.parsers:parse:59 - [PathWrapSetParser: PathWrapSet] 
2025-12-26 21:58:31.334 | INFO     | myoconverter.xml.parsers:parse:59 - [ForceParser: Millard2012EquilibriumMuscle] glmed2_r
2025-12-26 21:58:31.334 | INFO     | myoconverter.xml.parsers:parse:59 - [PathPointParser: PathPoint] glmed2_r-P1
2025-12-26 21:58:31.334 | INFO     | myoconverter.xml.parsers:parse:59 - [PathPointParser: PathPoint] glmed2_r-P2_0
2025-12-26 21:58:31.335 | INFO     | myoconverter.xml.parsers:parse:59 - [PathWrapSetParser: PathWrapSet] 
2025-12-26 21:58:31.335 | INFO     | myoconverter.xml.parsers:parse:59 - [ForceParser: Millard2012EquilibriumMuscle] glmed3_r
2025-12-26 21:58:31.336 | INFO     | myoconverter.xml.parsers:parse:59 - [PathPointParser: PathPoint] glmed3_r-P1
2025-12-26 21:58:31.336 | INFO     | myoconverter.xml.parsers:parse:59 - [PathPointParser: PathPoint] glmed3_r-P2_0
2025-12-26 21:58:31.336 | INFO     | myoconverter.xml.parsers:parse:59 - [PathWrapSetParser: PathWrapSet] 
2025-12-26 21:58:31.336 | INFO     | myoconverter.xml.parsers:parse:59 - [ForceParser: Millard2012EquilibriumMuscle] glmin1_r
2025-12-26 21:58:31.336 | INFO     | myoconverter.xml.parsers:parse:59 - [PathPointParser: PathPoint] glmin1_r-P1
2025-12-26 21:58:31.336 | INFO     | myoconverter.xml.parsers:parse:59 - [PathPointParser: PathPoint] glmin1_r-P2
2025-12-26 21:58:31.337 | INFO     | myoconverter.xml.parsers:parse:59 - [PathWrapSetParser: PathWrapSet] 
2025-12-26 21:58:31.337 | INFO     | myoconverter.xml.parsers:parse:59 - [ForceParser: Millard2012EquilibriumMuscle] glmin2_r
2025-12-26 21:58:31.337 | INFO     | myoconverter.xml.parsers:parse:59 - [PathPointParser: PathPoint] glmin2_r-P1
2025-12-26 21:58:31.337 | INFO     | myoconverter.xml.parsers:parse:59 - [PathPointParser: PathPoint] glmin2_r-P2
2025-12-26 21:58:31.337 | INFO     | myoconverter.xml.parsers:parse:59 - [PathWrapSetParser: PathWrapSet] 
2025-12-26 21:58:31.337 | INFO     | myoconverter.xml.parsers:parse:59 - [ForceParser: Millard2012EquilibriumMuscle] glmin3_r
2025-12-26 21:58:31.338 | INFO     | myoconverter.xml.parsers:parse:59 - [PathPointParser: PathPoint] glmin3_r-P1
2025-12-26 21:58:31.338 | INFO     | myoconverter.xml.parsers:parse:59 - [PathPointParser: PathPoint] glmin3_r-P2
2025-12-26 21:58:31.338 | INFO     | myoconverter.xml.parsers:parse:59 - [PathWrapSetParser: PathWrapSet] 
2025-12-26 21:58:31.338 | INFO     | myoconverter.xml.parsers:parse:59 - [ForceParser: Millard2012EquilibriumMuscle] grac_r
2025-12-26 21:58:31.338 | INFO     | myoconverter.xml.parsers:parse:59 - [PathPointParser: PathPoint] grac_r-P1
2025-12-26 21:58:31.340 | INFO     | myoconverter.xml.parsers:parse:59 - [PathPointParser: PathPoint] grac_r-P2
2025-12-26 21:58:31.340 | INFO     | myoconverter.xml.parsers:parse:59 - [PathPointParser: PathPoint] grac_r-P3
2025-12-26 21:58:31.340 | INFO     | myoconverter.xml.parsers:parse:59 - [PathWrapSetParser: PathWrapSet] 
2025-12-26 21:58:31.340 | INFO     | myoconverter.xml.parsers:parse:59 - [PathWrapParser: PathWrap] pathwrap
2025-12-26 21:58:31.341 | INFO     | myoconverter.xml.parsers:parse:59 - [ForceParser: Millard2012EquilibriumMuscle] iliacus_r
2025-12-26 21:58:31.341 | INFO     | myoconverter.xml.parsers:parse:59 - [PathPointParser: PathPoint] iliacus_r-P1
2025-12-26 21:58:31.341 | INFO     | myoconverter.xml.parsers:parse:59 - [PathPointParser: PathPoint] iliacus_r-P2
2025-12-26 21:58:31.344 | INFO     | myoconverter.xml.parsers:parse:59 - [PathPointParser: PathPoint] iliacus_r-P3
2025-12-26 21:58:31.344 | INFO     | myoconverter.xml.parsers:parse:59 - [PathPointParser: PathPoint] iliacus_r-P4
2025-12-26 21:58:31.344 | INFO     | myoconverter.xml.parsers:parse:59 - [PathWrapSetParser: PathWrapSet] 
2025-12-26 21:58:31.344 | INFO     | myoconverter.xml.parsers:parse:59 - [PathWrapParser: PathWrap] pathwrap
2025-12-26 21:58:31.347 | INFO     | myoconverter.xml.parsers:parse:59 - [ForceParser: Millard2012EquilibriumMuscle] perbrev_r
2025-12-26 21:58:31.347 | INFO     | myoconverter.xml.parsers:parse:59 - [PathPointParser: PathPoint] perbrev_r-P1
2025-12-26 21:58:31.347 | INFO     | myoconverter.xml.parsers:parse:59 - [PathPointParser: PathPoint] perbrev_r-P2
2025-12-26 21:58:31.348 | INFO     | myoconverter.xml.parsers:parse:59 - [PathPointParser: PathPoint] perbrev_r-P3
2025-12-26 21:58:31.348 | INFO     | myoconverter.xml.parsers:parse:59 - [PathPointParser: PathPoint] perbrev_r-P4
2025-12-26 21:58:31.348 | INFO     | myoconverter.xml.parsers:parse:59 - [PathPointParser: PathPoint] perbrev_r-P5
2025-12-26 21:58:31.348 | INFO     | myoconverter.xml.parsers:parse:59 - [PathWrapSetParser: PathWrapSet] 
2025-12-26 21:58:31.348 | INFO     | myoconverter.xml.parsers:parse:59 - [ForceParser: Millard2012EquilibriumMuscle] perlong_r
2025-12-26 21:58:31.352 | INFO     | myoconverter.xml.parsers:parse:59 - [PathPointParser: PathPoint] perlong_r-P1
2025-12-26 21:58:31.352 | INFO     | myoconverter.xml.parsers:parse:59 - [PathPointParser: PathPoint] perlong_r-P2
2025-12-26 21:58:31.352 | INFO     | myoconverter.xml.parsers:parse:59 - [PathPointParser: PathPoint] perlong_r-P3
2025-12-26 21:58:31.352 | INFO     | myoconverter.xml.parsers:parse:59 - [PathPointParser: PathPoint] perlong_r-P4
2025-12-26 21:58:31.352 | INFO     | myoconverter.xml.parsers:parse:59 - [PathPointParser: PathPoint] perlong_r-P5
2025-12-26 21:58:31.352 | INFO     | myoconverter.xml.parsers:parse:59 - [PathPointParser: PathPoint] perlong_r-P6
2025-12-26 21:58:31.352 | INFO     | myoconverter.xml.parsers:parse:59 - [PathPointParser: PathPoint] perlong_r-P7
2025-12-26 21:58:31.353 | INFO     | myoconverter.xml.parsers:parse:59 - [PathWrapSetParser: PathWrapSet] 
2025-12-26 21:58:31.353 | INFO     | myoconverter.xml.parsers:parse:59 - [ForceParser: Millard2012EquilibriumMuscle] piri_r
2025-12-26 21:58:31.353 | INFO     | myoconverter.xml.parsers:parse:59 - [PathPointParser: PathPoint] piri_r-P1
2025-12-26 21:58:31.353 | INFO     | myoconverter.xml.parsers:parse:59 - [PathPointParser: PathPoint] piri_r-P2
2025-12-26 21:58:31.353 | INFO     | myoconverter.xml.parsers:parse:59 - [PathPointParser: PathPoint] piri_r-P3
2025-12-26 21:58:31.354 | INFO     | myoconverter.xml.parsers:parse:59 - [PathWrapSetParser: PathWrapSet] 
2025-12-26 21:58:31.354 | INFO     | myoconverter.xml.parsers:parse:59 - [ForceParser: Millard2012EquilibriumMuscle] psoas_r
2025-12-26 21:58:31.358 | INFO     | myoconverter.xml.parsers:parse:59 - [PathPointParser: PathPoint] psoas_r-P1
2025-12-26 21:58:31.358 | INFO     | myoconverter.xml.parsers:parse:59 - [PathPointParser: PathPoint] psoas_r-P2
2025-12-26 21:58:31.358 | INFO     | myoconverter.xml.parsers:parse:59 - [PathPointParser: PathPoint] psoas_r-P3
2025-12-26 21:58:31.358 | INFO     | myoconverter.xml.parsers:parse:59 - [PathPointParser: PathPoint] psoas_r-P4
2025-12-26 21:58:31.358 | INFO     | myoconverter.xml.parsers:parse:59 - [PathWrapSetParser: PathWrapSet] 
2025-12-26 21:58:31.358 | INFO     | myoconverter.xml.parsers:parse:59 - [PathWrapParser: PathWrap] pathwrap
2025-12-26 21:58:31.362 | INFO     | myoconverter.xml.parsers:parse:59 - [ForceParser: Millard2012EquilibriumMuscle] recfem_r
2025-12-26 21:58:31.363 | INFO     | myoconverter.xml.parsers:parse:59 - [PathPointParser: PathPoint] recfem_r-P1
2025-12-26 21:58:31.363 | INFO     | myoconverter.xml.parsers:parse:59 - [PathPointParser: PathPoint] recfem_r-P2
2025-12-26 21:58:31.363 | INFO     | myoconverter.xml.parsers:parse:59 - [PathPointParser: PathPoint] recfem_r-P3
2025-12-26 21:58:31.363 | INFO     | myoconverter.xml.parsers:parse:59 - [PathPointParser: PathPoint] recfem_r-P4
2025-12-26 21:58:31.363 | INFO     | myoconverter.xml.parsers:parse:59 - [PathPointParser: PathPoint] recfem_r-P5
2025-12-26 21:58:31.363 | INFO     | myoconverter.xml.parsers:parse:59 - [PathWrapSetParser: PathWrapSet] 
2025-12-26 21:58:31.369 | INFO     | myoconverter.xml.parsers:parse:59 - [PathWrapParser: PathWrap] pathwrap
2025-12-26 21:58:31.373 | INFO     | myoconverter.xml.parsers:parse:59 - [ForceParser: Millard2012EquilibriumMuscle] sart_r
2025-12-26 21:58:31.373 | INFO     | myoconverter.xml.parsers:parse:59 - [PathPointParser: PathPoint] sart_r-P1
2025-12-26 21:58:31.373 | INFO     | myoconverter.xml.parsers:parse:59 - [PathPointParser: PathPoint] sart_r-P2
2025-12-26 21:58:31.373 | INFO     | myoconverter.xml.parsers:parse:59 - [PathPointParser: PathPoint] sart_r-P3
2025-12-26 21:58:31.373 | INFO     | myoconverter.xml.parsers:parse:59 - [PathPointParser: PathPoint] sart_r-P4
2025-12-26 21:58:31.373 | INFO     | myoconverter.xml.parsers:parse:59 - [PathPointParser: PathPoint] sart_r-P5
2025-12-26 21:58:31.373 | INFO     | myoconverter.xml.parsers:parse:59 - [PathWrapSetParser: PathWrapSet] 
2025-12-26 21:58:31.374 | INFO     | myoconverter.xml.parsers:parse:59 - [ForceParser: Millard2012EquilibriumMuscle] semimem_r
2025-12-26 21:58:31.374 | INFO     | myoconverter.xml.parsers:parse:59 - [PathPointParser: PathPoint] semimem_r-P1
2025-12-26 21:58:31.376 | INFO     | myoconverter.xml.parsers:parse:59 - [PathPointParser: PathPoint] semimem_r-P2
2025-12-26 21:58:31.376 | INFO     | myoconverter.xml.parsers:parse:59 - [PathWrapSetParser: PathWrapSet] 
2025-12-26 21:58:31.376 | INFO     | myoconverter.xml.parsers:parse:59 - [PathWrapParser: PathWrap] pathwrap
2025-12-26 21:58:31.377 | INFO     | myoconverter.xml.parsers:parse:59 - [ForceParser: Millard2012EquilibriumMuscle] semiten_r
2025-12-26 21:58:31.377 | INFO     | myoconverter.xml.parsers:parse:59 - [PathPointParser: PathPoint] semiten_r-P1
2025-12-26 21:58:31.377 | INFO     | myoconverter.xml.parsers:parse:59 - [PathPointParser: PathPoint] semiten_r-P2
2025-12-26 21:58:31.377 | INFO     | myoconverter.xml.parsers:parse:59 - [PathPointParser: PathPoint] semiten_r-P3
2025-12-26 21:58:31.377 | INFO     | myoconverter.xml.parsers:parse:59 - [PathWrapSetParser: PathWrapSet] 
2025-12-26 21:58:31.377 | INFO     | myoconverter.xml.parsers:parse:59 - [PathWrapParser: PathWrap] pathwrap
2025-12-26 21:58:31.378 | INFO     | myoconverter.xml.parsers:parse:59 - [ForceParser: Millard2012EquilibriumMuscle] soleus_r
2025-12-26 21:58:31.381 | INFO     | myoconverter.xml.parsers:parse:59 - [PathPointParser: PathPoint] soleus_r-P1
2025-12-26 21:58:31.382 | INFO     | myoconverter.xml.parsers:parse:59 - [PathPointParser: PathPoint] soleus_r-P2
2025-12-26 21:58:31.382 | INFO     | myoconverter.xml.parsers:parse:59 - [PathWrapSetParser: PathWrapSet] 
2025-12-26 21:58:31.382 | INFO     | myoconverter.xml.parsers:parse:59 - [ForceParser: Millard2012EquilibriumMuscle] tfl_r
2025-12-26 21:58:31.382 | INFO     | myoconverter.xml.parsers:parse:59 - [PathPointParser: PathPoint] tfl_r-P1
2025-12-26 21:58:31.382 | INFO     | myoconverter.xml.parsers:parse:59 - [PathPointParser: PathPoint] tfl_r-P2
2025-12-26 21:58:31.382 | INFO     | myoconverter.xml.parsers:parse:59 - [PathPointParser: PathPoint] tfl_r-P3
2025-12-26 21:58:31.383 | INFO     | myoconverter.xml.parsers:parse:59 - [PathPointParser: PathPoint] tfl_r-P4
2025-12-26 21:58:31.383 | INFO     | myoconverter.xml.parsers:parse:59 - [PathWrapSetParser: PathWrapSet] 
2025-12-26 21:58:31.383 | INFO     | myoconverter.xml.parsers:parse:59 - [ForceParser: Millard2012EquilibriumMuscle] tibant_r
2025-12-26 21:58:31.383 | INFO     | myoconverter.xml.parsers:parse:59 - [PathPointParser: PathPoint] tibant_r-P1
2025-12-26 21:58:31.383 | INFO     | myoconverter.xml.parsers:parse:59 - [PathPointParser: PathPoint] tibant_r-P2
2025-12-26 21:58:31.383 | INFO     | myoconverter.xml.parsers:parse:59 - [PathPointParser: PathPoint] tibant_r-P3
2025-12-26 21:58:31.384 | INFO     | myoconverter.xml.parsers:parse:59 - [PathPointParser: PathPoint] tibant_r-P4
2025-12-26 21:58:31.387 | INFO     | myoconverter.xml.parsers:parse:59 - [PathWrapSetParser: PathWrapSet] 
2025-12-26 21:58:31.387 | INFO     | myoconverter.xml.parsers:parse:59 - [ForceParser: Millard2012EquilibriumMuscle] tibpost_r
2025-12-26 21:58:31.387 | INFO     | myoconverter.xml.parsers:parse:59 - [PathPointParser: PathPoint] tibpost_r-P1
2025-12-26 21:58:31.387 | INFO     | myoconverter.xml.parsers:parse:59 - [PathPointParser: PathPoint] tibpost_r-P2
2025-12-26 21:58:31.387 | INFO     | myoconverter.xml.parsers:parse:59 - [PathPointParser: PathPoint] tibpost_r-P3
2025-12-26 21:58:31.387 | INFO     | myoconverter.xml.parsers:parse:59 - [PathPointParser: PathPoint] tibpost_r-P4
2025-12-26 21:58:31.387 | INFO     | myoconverter.xml.parsers:parse:59 - [PathWrapSetParser: PathWrapSet] 
2025-12-26 21:58:31.387 | INFO     | myoconverter.xml.parsers:parse:59 - [ForceParser: Millard2012EquilibriumMuscle] vasint_r
2025-12-26 21:58:31.387 | INFO     | myoconverter.xml.parsers:parse:59 - [PathPointParser: PathPoint] vasint_r-P1
2025-12-26 21:58:31.387 | INFO     | myoconverter.xml.parsers:parse:59 - [PathPointParser: PathPoint] vasint_r-P2
2025-12-26 21:58:31.387 | INFO     | myoconverter.xml.parsers:parse:59 - [PathPointParser: PathPoint] vasint_r-P3
2025-12-26 21:58:31.387 | INFO     | myoconverter.xml.parsers:parse:59 - [PathPointParser: PathPoint] vasint_r-P4
2025-12-26 21:58:31.387 | INFO     | myoconverter.xml.parsers:parse:59 - [PathPointParser: PathPoint] vasint_r-P5
2025-12-26 21:58:31.388 | INFO     | myoconverter.xml.parsers:parse:59 - [PathWrapSetParser: PathWrapSet] 
2025-12-26 21:58:31.388 | INFO     | myoconverter.xml.parsers:parse:59 - [PathWrapParser: PathWrap] pathwrap
2025-12-26 21:58:31.391 | INFO     | myoconverter.xml.parsers:parse:59 - [ForceParser: Millard2012EquilibriumMuscle] vaslat_r
2025-12-26 21:58:31.391 | INFO     | myoconverter.xml.parsers:parse:59 - [PathPointParser: PathPoint] vaslat_r-P1
2025-12-26 21:58:31.392 | INFO     | myoconverter.xml.parsers:parse:59 - [PathPointParser: PathPoint] vaslat_r-P2
2025-12-26 21:58:31.392 | INFO     | myoconverter.xml.parsers:parse:59 - [PathPointParser: PathPoint] vaslat_r-P3
2025-12-26 21:58:31.392 | INFO     | myoconverter.xml.parsers:parse:59 - [PathPointParser: PathPoint] vaslat_r-P4
2025-12-26 21:58:31.392 | INFO     | myoconverter.xml.parsers:parse:59 - [PathPointParser: PathPoint] vaslat_r-P5
2025-12-26 21:58:31.392 | INFO     | myoconverter.xml.parsers:parse:59 - [PathWrapSetParser: PathWrapSet] 
2025-12-26 21:58:31.393 | INFO     | myoconverter.xml.parsers:parse:59 - [PathWrapParser: PathWrap] pathwrap
2025-12-26 21:58:31.395 | INFO     | myoconverter.xml.parsers:parse:59 - [ForceParser: Millard2012EquilibriumMuscle] vasmed_r
2025-12-26 21:58:31.396 | INFO     | myoconverter.xml.parsers:parse:59 - [PathPointParser: PathPoint] vasmed_r-P1
2025-12-26 21:58:31.396 | INFO     | myoconverter.xml.parsers:parse:59 - [PathPointParser: PathPoint] vasmed_r-P2
2025-12-26 21:58:31.396 | INFO     | myoconverter.xml.parsers:parse:59 - [PathPointParser: PathPoint] vasmed_r-P3
2025-12-26 21:58:31.396 | INFO     | myoconverter.xml.parsers:parse:59 - [PathPointParser: PathPoint] vasmed_r-P4
2025-12-26 21:58:31.398 | INFO     | myoconverter.xml.parsers:parse:59 - [PathPointParser: PathPoint] vasmed_r-P5
2025-12-26 21:58:31.399 | INFO     | myoconverter.xml.parsers:parse:59 - [PathWrapSetParser: PathWrapSet] 
2025-12-26 21:58:31.399 | INFO     | myoconverter.xml.parsers:parse:59 - [PathWrapParser: PathWrap] pathwrap
2025-12-26 21:58:31.407 | INFO     | myoconverter.xml.parsers:parse:59 - [ForceParser: Millard2012EquilibriumMuscle] addbrev_l
2025-12-26 21:58:31.407 | INFO     | myoconverter.xml.parsers:parse:59 - [PathPointParser: PathPoint] addbrev_l-P1
2025-12-26 21:58:31.407 | INFO     | myoconverter.xml.parsers:parse:59 - [PathPointParser: PathPoint] addbrev_l-P2
2025-12-26 21:58:31.407 | INFO     | myoconverter.xml.parsers:parse:59 - [PathWrapSetParser: PathWrapSet] 
2025-12-26 21:58:31.407 | INFO     | myoconverter.xml.parsers:parse:59 - [PathWrapParser: PathWrap] pathwrap
2025-12-26 21:58:31.408 | INFO     | myoconverter.xml.parsers:parse:59 - [ForceParser: Millard2012EquilibriumMuscle] addlong_l
2025-12-26 21:58:31.408 | INFO     | myoconverter.xml.parsers:parse:59 - [PathPointParser: PathPoint] addlong_l-P1
2025-12-26 21:58:31.411 | INFO     | myoconverter.xml.parsers:parse:59 - [PathPointParser: PathPoint] addlong_l-P2
2025-12-26 21:58:31.412 | INFO     | myoconverter.xml.parsers:parse:59 - [PathWrapSetParser: PathWrapSet] 
2025-12-26 21:58:31.412 | INFO     | myoconverter.xml.parsers:parse:59 - [PathWrapParser: PathWrap] pathwrap
2025-12-26 21:58:31.414 | INFO     | myoconverter.xml.parsers:parse:59 - [ForceParser: Millard2012EquilibriumMuscle] addmagDist_l
2025-12-26 21:58:31.414 | INFO     | myoconverter.xml.parsers:parse:59 - [PathPointParser: PathPoint] addmagDist_l-P1
2025-12-26 21:58:31.414 | INFO     | myoconverter.xml.parsers:parse:59 - [PathPointParser: PathPoint] addmagDist_l-P2
2025-12-26 21:58:31.414 | INFO     | myoconverter.xml.parsers:parse:59 - [PathWrapSetParser: PathWrapSet] 
2025-12-26 21:58:31.415 | INFO     | myoconverter.xml.parsers:parse:59 - [PathWrapParser: PathWrap] pathwrap
2025-12-26 21:58:31.420 | INFO     | myoconverter.xml.parsers:parse:59 - [ForceParser: Millard2012EquilibriumMuscle] addmagIsch_l
2025-12-26 21:58:31.420 | INFO     | myoconverter.xml.parsers:parse:59 - [PathPointParser: PathPoint] addmagIsch_l-P1
2025-12-26 21:58:31.420 | INFO     | myoconverter.xml.parsers:parse:59 - [PathPointParser: PathPoint] addmagIsch_l-P2
2025-12-26 21:58:31.420 | INFO     | myoconverter.xml.parsers:parse:59 - [PathWrapSetParser: PathWrapSet] 
2025-12-26 21:58:31.420 | INFO     | myoconverter.xml.parsers:parse:59 - [PathWrapParser: PathWrap] pathwrap
2025-12-26 21:58:31.421 | INFO     | myoconverter.xml.parsers:parse:59 - [ForceParser: Millard2012EquilibriumMuscle] addmagMid_l
2025-12-26 21:58:31.422 | INFO     | myoconverter.xml.parsers:parse:59 - [PathPointParser: PathPoint] addmagMid_l-P1
2025-12-26 21:58:31.422 | INFO     | myoconverter.xml.parsers:parse:59 - [PathPointParser: PathPoint] addmagMid_l-P2
2025-12-26 21:58:31.422 | INFO     | myoconverter.xml.parsers:parse:59 - [PathWrapSetParser: PathWrapSet] 
2025-12-26 21:58:31.422 | INFO     | myoconverter.xml.parsers:parse:59 - [PathWrapParser: PathWrap] pathwrap
2025-12-26 21:58:31.424 | INFO     | myoconverter.xml.parsers:parse:59 - [ForceParser: Millard2012EquilibriumMuscle] addmagProx_l
2025-12-26 21:58:31.426 | INFO     | myoconverter.xml.parsers:parse:59 - [PathPointParser: PathPoint] addmagProx_l-P1
2025-12-26 21:58:31.426 | INFO     | myoconverter.xml.parsers:parse:59 - [PathPointParser: PathPoint] addmagProx_l-P2
2025-12-26 21:58:31.428 | INFO     | myoconverter.xml.parsers:parse:59 - [PathWrapSetParser: PathWrapSet] 
2025-12-26 21:58:31.428 | INFO     | myoconverter.xml.parsers:parse:59 - [PathWrapParser: PathWrap] pathwrap
2025-12-26 21:58:31.431 | INFO     | myoconverter.xml.parsers:parse:59 - [ForceParser: Millard2012EquilibriumMuscle] bflh_l
2025-12-26 21:58:31.431 | INFO     | myoconverter.xml.parsers:parse:59 - [PathPointParser: PathPoint] bflh_l-P1
2025-12-26 21:58:31.431 | INFO     | myoconverter.xml.parsers:parse:59 - [PathPointParser: PathPoint] bflh_l-P2
2025-12-26 21:58:31.432 | INFO     | myoconverter.xml.parsers:parse:59 - [PathPointParser: PathPoint] bflh_l-P3
2025-12-26 21:58:31.432 | INFO     | myoconverter.xml.parsers:parse:59 - [PathWrapSetParser: PathWrapSet] 
2025-12-26 21:58:31.432 | INFO     | myoconverter.xml.parsers:parse:59 - [ForceParser: Millard2012EquilibriumMuscle] bfsh_l
2025-12-26 21:58:31.432 | INFO     | myoconverter.xml.parsers:parse:59 - [PathPointParser: PathPoint] bfsh_l-P1
2025-12-26 21:58:31.435 | INFO     | myoconverter.xml.parsers:parse:59 - [PathPointParser: PathPoint] bfsh_l-P2
2025-12-26 21:58:31.436 | INFO     | myoconverter.xml.parsers:parse:59 - [PathWrapSetParser: PathWrapSet] 
2025-12-26 21:58:31.436 | INFO     | myoconverter.xml.parsers:parse:59 - [PathWrapParser: PathWrap] pathwrap
2025-12-26 21:58:31.438 | INFO     | myoconverter.xml.parsers:parse:59 - [ForceParser: Millard2012EquilibriumMuscle] edl_l
2025-12-26 21:58:31.438 | INFO     | myoconverter.xml.parsers:parse:59 - [PathPointParser: PathPoint] edl_l-P1
2025-12-26 21:58:31.438 | INFO     | myoconverter.xml.parsers:parse:59 - [PathPointParser: PathPoint] edl_l-P2
2025-12-26 21:58:31.438 | INFO     | myoconverter.xml.parsers:parse:59 - [PathPointParser: PathPoint] edl_l-P3
2025-12-26 21:58:31.439 | INFO     | myoconverter.xml.parsers:parse:59 - [PathPointParser: PathPoint] edl_l-P4
2025-12-26 21:58:31.439 | INFO     | myoconverter.xml.parsers:parse:59 - [PathPointParser: PathPoint] edl_l-P5
2025-12-26 21:58:31.439 | INFO     | myoconverter.xml.parsers:parse:59 - [PathPointParser: PathPoint] edl_l-P6
2025-12-26 21:58:31.440 | INFO     | myoconverter.xml.parsers:parse:59 - [PathWrapSetParser: PathWrapSet] 
2025-12-26 21:58:31.440 | INFO     | myoconverter.xml.parsers:parse:59 - [ForceParser: Millard2012EquilibriumMuscle] ehl_l
2025-12-26 21:58:31.440 | INFO     | myoconverter.xml.parsers:parse:59 - [PathPointParser: PathPoint] ehl_l-P1
2025-12-26 21:58:31.440 | INFO     | myoconverter.xml.parsers:parse:59 - [PathPointParser: PathPoint] ehl_l-P2
2025-12-26 21:58:31.441 | INFO     | myoconverter.xml.parsers:parse:59 - [PathPointParser: PathPoint] ehl_l-P3
2025-12-26 21:58:31.441 | INFO     | myoconverter.xml.parsers:parse:59 - [PathPointParser: PathPoint] ehl_l-P4
2025-12-26 21:58:31.441 | INFO     | myoconverter.xml.parsers:parse:59 - [PathPointParser: PathPoint] ehl_l-P5
2025-12-26 21:58:31.441 | INFO     | myoconverter.xml.parsers:parse:59 - [PathPointParser: PathPoint] ehl_l-P6
2025-12-26 21:58:31.441 | INFO     | myoconverter.xml.parsers:parse:59 - [PathPointParser: PathPoint] ehl_l-P7
2025-12-26 21:58:31.442 | INFO     | myoconverter.xml.parsers:parse:59 - [PathPointParser: PathPoint] ehl_l-P8
2025-12-26 21:58:31.442 | INFO     | myoconverter.xml.parsers:parse:59 - [PathWrapSetParser: PathWrapSet] 
2025-12-26 21:58:31.444 | INFO     | myoconverter.xml.parsers:parse:59 - [ForceParser: Millard2012EquilibriumMuscle] fdl_l
2025-12-26 21:58:31.444 | INFO     | myoconverter.xml.parsers:parse:59 - [PathPointParser: PathPoint] fdl_l-P1
2025-12-26 21:58:31.444 | INFO     | myoconverter.xml.parsers:parse:59 - [PathPointParser: PathPoint] fdl_l-P2
2025-12-26 21:58:31.444 | INFO     | myoconverter.xml.parsers:parse:59 - [PathPointParser: PathPoint] fdl_l-P3
2025-12-26 21:58:31.445 | INFO     | myoconverter.xml.parsers:parse:59 - [PathPointParser: PathPoint] fdl_l-P4
2025-12-26 21:58:31.445 | INFO     | myoconverter.xml.parsers:parse:59 - [PathPointParser: PathPoint] fdl_l-P5
2025-12-26 21:58:31.445 | INFO     | myoconverter.xml.parsers:parse:59 - [PathPointParser: PathPoint] fdl_l-P6
2025-12-26 21:58:31.445 | INFO     | myoconverter.xml.parsers:parse:59 - [PathPointParser: PathPoint] fdl_l-P7
2025-12-26 21:58:31.445 | INFO     | myoconverter.xml.parsers:parse:59 - [PathPointParser: PathPoint] fdl_l-P8
2025-12-26 21:58:31.445 | INFO     | myoconverter.xml.parsers:parse:59 - [PathWrapSetParser: PathWrapSet] 
2025-12-26 21:58:31.446 | INFO     | myoconverter.xml.parsers:parse:59 - [ForceParser: Millard2012EquilibriumMuscle] fhl_l
2025-12-26 21:58:31.446 | INFO     | myoconverter.xml.parsers:parse:59 - [PathPointParser: PathPoint] fhl_l-P1
2025-12-26 21:58:31.446 | INFO     | myoconverter.xml.parsers:parse:59 - [PathPointParser: PathPoint] fhl_l-P2
2025-12-26 21:58:31.446 | INFO     | myoconverter.xml.parsers:parse:59 - [PathPointParser: PathPoint] fhl_l-P3
2025-12-26 21:58:31.447 | INFO     | myoconverter.xml.parsers:parse:59 - [PathPointParser: PathPoint] fhl_l-P4
2025-12-26 21:58:31.447 | INFO     | myoconverter.xml.parsers:parse:59 - [PathPointParser: PathPoint] fhl_l-P5
2025-12-26 21:58:31.447 | INFO     | myoconverter.xml.parsers:parse:59 - [PathPointParser: PathPoint] fhl_l-P6
2025-12-26 21:58:31.447 | INFO     | myoconverter.xml.parsers:parse:59 - [PathPointParser: PathPoint] fhl_l-P7
2025-12-26 21:58:31.447 | INFO     | myoconverter.xml.parsers:parse:59 - [PathWrapSetParser: PathWrapSet] 
2025-12-26 21:58:31.447 | INFO     | myoconverter.xml.parsers:parse:59 - [ForceParser: Millard2012EquilibriumMuscle] gaslat_l
2025-12-26 21:58:31.447 | INFO     | myoconverter.xml.parsers:parse:59 - [PathPointParser: PathPoint] gaslat_l-P1
2025-12-26 21:58:31.447 | INFO     | myoconverter.xml.parsers:parse:59 - [PathPointParser: PathPoint] gaslat_l-P2
2025-12-26 21:58:31.447 | INFO     | myoconverter.xml.parsers:parse:59 - [PathWrapSetParser: PathWrapSet] 
2025-12-26 21:58:31.448 | INFO     | myoconverter.xml.parsers:parse:59 - [PathWrapParser: PathWrap] pathwrap
2025-12-26 21:58:31.450 | INFO     | myoconverter.xml.parsers:parse:59 - [PathWrapParser: PathWrap] pathwrap_0
2025-12-26 21:58:31.451 | INFO     | myoconverter.xml.parsers:parse:59 - [ForceParser: Millard2012EquilibriumMuscle] gasmed_l
2025-12-26 21:58:31.451 | INFO     | myoconverter.xml.parsers:parse:59 - [PathPointParser: PathPoint] gasmed_l-P1
2025-12-26 21:58:31.451 | INFO     | myoconverter.xml.parsers:parse:59 - [PathPointParser: PathPoint] gasmed_l-P2
2025-12-26 21:58:31.451 | INFO     | myoconverter.xml.parsers:parse:59 - [PathWrapSetParser: PathWrapSet] 
2025-12-26 21:58:31.451 | INFO     | myoconverter.xml.parsers:parse:59 - [PathWrapParser: PathWrap] pathwrap
2025-12-26 21:58:31.453 | INFO     | myoconverter.xml.parsers:parse:59 - [PathWrapParser: PathWrap] pathwrap_0
2025-12-26 21:58:31.454 | INFO     | myoconverter.xml.parsers:parse:59 - [ForceParser: Millard2012EquilibriumMuscle] glmax1_l
2025-12-26 21:58:31.454 | INFO     | myoconverter.xml.parsers:parse:59 - [PathPointParser: PathPoint] glmax1_l-P1
2025-12-26 21:58:31.454 | INFO     | myoconverter.xml.parsers:parse:59 - [PathPointParser: PathPoint] glmax1_l-P2
2025-12-26 21:58:31.455 | INFO     | myoconverter.xml.parsers:parse:59 - [PathPointParser: PathPoint] glmax1_l-P3
2025-12-26 21:58:31.455 | INFO     | myoconverter.xml.parsers:parse:59 - [PathPointParser: PathPoint] glmax1_l-P4
2025-12-26 21:58:31.455 | INFO     | myoconverter.xml.parsers:parse:59 - [PathWrapSetParser: PathWrapSet] 
2025-12-26 21:58:31.457 | INFO     | myoconverter.xml.parsers:parse:59 - [PathWrapParser: PathWrap] pathwrap
2025-12-26 21:58:31.459 | INFO     | myoconverter.xml.parsers:parse:59 - [ForceParser: Millard2012EquilibriumMuscle] glmax2_l
2025-12-26 21:58:31.459 | INFO     | myoconverter.xml.parsers:parse:59 - [PathPointParser: PathPoint] glmax2_l-P1
2025-12-26 21:58:31.459 | INFO     | myoconverter.xml.parsers:parse:59 - [PathPointParser: PathPoint] glmax2_l-P2
2025-12-26 21:58:31.459 | INFO     | myoconverter.xml.parsers:parse:59 - [PathPointParser: PathPoint] glmax2_l-P3
2025-12-26 21:58:31.459 | INFO     | myoconverter.xml.parsers:parse:59 - [PathPointParser: PathPoint] glmax2_l-P4
2025-12-26 21:58:31.460 | INFO     | myoconverter.xml.parsers:parse:59 - [PathWrapSetParser: PathWrapSet] 
2025-12-26 21:58:31.461 | INFO     | myoconverter.xml.parsers:parse:59 - [PathWrapParser: PathWrap] pathwrap
2025-12-26 21:58:31.464 | INFO     | myoconverter.xml.parsers:parse:59 - [ForceParser: Millard2012EquilibriumMuscle] glmax3_l
2025-12-26 21:58:31.464 | INFO     | myoconverter.xml.parsers:parse:59 - [PathPointParser: PathPoint] glmax3_l-P1
2025-12-26 21:58:31.464 | INFO     | myoconverter.xml.parsers:parse:59 - [PathPointParser: PathPoint] glmax3_l-P2
2025-12-26 21:58:31.464 | INFO     | myoconverter.xml.parsers:parse:59 - [PathPointParser: PathPoint] glmax3_l-P3
2025-12-26 21:58:31.464 | INFO     | myoconverter.xml.parsers:parse:59 - [PathPointParser: PathPoint] glmax3_l-P4
2025-12-26 21:58:31.464 | INFO     | myoconverter.xml.parsers:parse:59 - [PathWrapSetParser: PathWrapSet] 
2025-12-26 21:58:31.464 | INFO     | myoconverter.xml.parsers:parse:59 - [PathWrapParser: PathWrap] pathwrap
2025-12-26 21:58:31.466 | INFO     | myoconverter.xml.parsers:parse:59 - [ForceParser: Millard2012EquilibriumMuscle] glmed1_l
2025-12-26 21:58:31.466 | INFO     | myoconverter.xml.parsers:parse:59 - [PathPointParser: PathPoint] glmed1_l-P1
2025-12-26 21:58:31.466 | INFO     | myoconverter.xml.parsers:parse:59 - [PathPointParser: PathPoint] glmed1_l-P2
2025-12-26 21:58:31.466 | INFO     | myoconverter.xml.parsers:parse:59 - [PathWrapSetParser: PathWrapSet] 
2025-12-26 21:58:31.466 | INFO     | myoconverter.xml.parsers:parse:59 - [ForceParser: Millard2012EquilibriumMuscle] glmed2_l
2025-12-26 21:58:31.466 | INFO     | myoconverter.xml.parsers:parse:59 - [PathPointParser: PathPoint] glmed2_l-P1
2025-12-26 21:58:31.466 | INFO     | myoconverter.xml.parsers:parse:59 - [PathPointParser: PathPoint] glmed2_l-P2
2025-12-26 21:58:31.466 | INFO     | myoconverter.xml.parsers:parse:59 - [PathWrapSetParser: PathWrapSet] 
2025-12-26 21:58:31.466 | INFO     | myoconverter.xml.parsers:parse:59 - [ForceParser: Millard2012EquilibriumMuscle] glmed3_l
2025-12-26 21:58:31.466 | INFO     | myoconverter.xml.parsers:parse:59 - [PathPointParser: PathPoint] glmed3_l-P1
2025-12-26 21:58:31.469 | INFO     | myoconverter.xml.parsers:parse:59 - [PathPointParser: PathPoint] glmed3_l-P2
2025-12-26 21:58:31.469 | INFO     | myoconverter.xml.parsers:parse:59 - [PathWrapSetParser: PathWrapSet] 
2025-12-26 21:58:31.469 | INFO     | myoconverter.xml.parsers:parse:59 - [ForceParser: Millard2012EquilibriumMuscle] glmin1_l
2025-12-26 21:58:31.470 | INFO     | myoconverter.xml.parsers:parse:59 - [PathPointParser: PathPoint] glmin1_l-P1
2025-12-26 21:58:31.470 | INFO     | myoconverter.xml.parsers:parse:59 - [PathPointParser: PathPoint] glmin1_l-P2
2025-12-26 21:58:31.470 | INFO     | myoconverter.xml.parsers:parse:59 - [PathWrapSetParser: PathWrapSet] 
2025-12-26 21:58:31.470 | INFO     | myoconverter.xml.parsers:parse:59 - [ForceParser: Millard2012EquilibriumMuscle] glmin2_l
2025-12-26 21:58:31.470 | INFO     | myoconverter.xml.parsers:parse:59 - [PathPointParser: PathPoint] glmin2_l-P1
2025-12-26 21:58:31.470 | INFO     | myoconverter.xml.parsers:parse:59 - [PathPointParser: PathPoint] glmin2_l-P2
2025-12-26 21:58:31.471 | INFO     | myoconverter.xml.parsers:parse:59 - [PathWrapSetParser: PathWrapSet] 
2025-12-26 21:58:31.471 | INFO     | myoconverter.xml.parsers:parse:59 - [ForceParser: Millard2012EquilibriumMuscle] glmin3_l
2025-12-26 21:58:31.472 | INFO     | myoconverter.xml.parsers:parse:59 - [PathPointParser: PathPoint] glmin3_l-P1
2025-12-26 21:58:31.472 | INFO     | myoconverter.xml.parsers:parse:59 - [PathPointParser: PathPoint] glmin3_l-P2
2025-12-26 21:58:31.472 | INFO     | myoconverter.xml.parsers:parse:59 - [PathWrapSetParser: PathWrapSet] 
2025-12-26 21:58:31.472 | INFO     | myoconverter.xml.parsers:parse:59 - [ForceParser: Millard2012EquilibriumMuscle] grac_l
2025-12-26 21:58:31.472 | INFO     | myoconverter.xml.parsers:parse:59 - [PathPointParser: PathPoint] grac_l-P1
2025-12-26 21:58:31.472 | INFO     | myoconverter.xml.parsers:parse:59 - [PathPointParser: PathPoint] grac_l-P2
2025-12-26 21:58:31.473 | INFO     | myoconverter.xml.parsers:parse:59 - [PathPointParser: PathPoint] grac_l-P3
2025-12-26 21:58:31.473 | INFO     | myoconverter.xml.parsers:parse:59 - [PathWrapSetParser: PathWrapSet] 
2025-12-26 21:58:31.473 | INFO     | myoconverter.xml.parsers:parse:59 - [PathWrapParser: PathWrap] pathwrap
2025-12-26 21:58:31.475 | INFO     | myoconverter.xml.parsers:parse:59 - [ForceParser: Millard2012EquilibriumMuscle] iliacus_l
2025-12-26 21:58:31.475 | INFO     | myoconverter.xml.parsers:parse:59 - [PathPointParser: PathPoint] iliacus_l-P1
2025-12-26 21:58:31.475 | INFO     | myoconverter.xml.parsers:parse:59 - [PathPointParser: PathPoint] iliacus_l-P2
2025-12-26 21:58:31.477 | INFO     | myoconverter.xml.parsers:parse:59 - [PathPointParser: PathPoint] iliacus_l-P3
2025-12-26 21:58:31.478 | INFO     | myoconverter.xml.parsers:parse:59 - [PathPointParser: PathPoint] iliacus_l-P4
2025-12-26 21:58:31.478 | INFO     | myoconverter.xml.parsers:parse:59 - [PathWrapSetParser: PathWrapSet] 
2025-12-26 21:58:31.478 | INFO     | myoconverter.xml.parsers:parse:59 - [PathWrapParser: PathWrap] pathwrap
2025-12-26 21:58:31.478 | INFO     | myoconverter.xml.parsers:parse:59 - [ForceParser: Millard2012EquilibriumMuscle] perbrev_l
2025-12-26 21:58:31.478 | INFO     | myoconverter.xml.parsers:parse:59 - [PathPointParser: PathPoint] perbrev_l-P1
2025-12-26 21:58:31.478 | INFO     | myoconverter.xml.parsers:parse:59 - [PathPointParser: PathPoint] perbrev_l-P2
2025-12-26 21:58:31.478 | INFO     | myoconverter.xml.parsers:parse:59 - [PathPointParser: PathPoint] perbrev_l-P3
2025-12-26 21:58:31.479 | INFO     | myoconverter.xml.parsers:parse:59 - [PathPointParser: PathPoint] perbrev_l-P4
2025-12-26 21:58:31.480 | INFO     | myoconverter.xml.parsers:parse:59 - [PathPointParser: PathPoint] perbrev_l-P5
2025-12-26 21:58:31.480 | INFO     | myoconverter.xml.parsers:parse:59 - [PathWrapSetParser: PathWrapSet] 
2025-12-26 21:58:31.480 | INFO     | myoconverter.xml.parsers:parse:59 - [ForceParser: Millard2012EquilibriumMuscle] perlong_l
2025-12-26 21:58:31.480 | INFO     | myoconverter.xml.parsers:parse:59 - [PathPointParser: PathPoint] perlong_l-P1
2025-12-26 21:58:31.480 | INFO     | myoconverter.xml.parsers:parse:59 - [PathPointParser: PathPoint] perlong_l-P2
2025-12-26 21:58:31.481 | INFO     | myoconverter.xml.parsers:parse:59 - [PathPointParser: PathPoint] perlong_l-P3
2025-12-26 21:58:31.481 | INFO     | myoconverter.xml.parsers:parse:59 - [PathPointParser: PathPoint] perlong_l-P4
2025-12-26 21:58:31.481 | INFO     | myoconverter.xml.parsers:parse:59 - [PathPointParser: PathPoint] perlong_l-P5
2025-12-26 21:58:31.481 | INFO     | myoconverter.xml.parsers:parse:59 - [PathPointParser: PathPoint] perlong_l-P6
2025-12-26 21:58:31.481 | INFO     | myoconverter.xml.parsers:parse:59 - [PathPointParser: PathPoint] perlong_l-P7
2025-12-26 21:58:31.482 | INFO     | myoconverter.xml.parsers:parse:59 - [PathWrapSetParser: PathWrapSet] 
2025-12-26 21:58:31.482 | INFO     | myoconverter.xml.parsers:parse:59 - [ForceParser: Millard2012EquilibriumMuscle] piri_l
2025-12-26 21:58:31.482 | INFO     | myoconverter.xml.parsers:parse:59 - [PathPointParser: PathPoint] piri_l-P1
2025-12-26 21:58:31.482 | INFO     | myoconverter.xml.parsers:parse:59 - [PathPointParser: PathPoint] piri_l-P2
2025-12-26 21:58:31.482 | INFO     | myoconverter.xml.parsers:parse:59 - [PathPointParser: PathPoint] piri_l-P3
2025-12-26 21:58:31.482 | INFO     | myoconverter.xml.parsers:parse:59 - [PathWrapSetParser: PathWrapSet] 
2025-12-26 21:58:31.482 | INFO     | myoconverter.xml.parsers:parse:59 - [ForceParser: Millard2012EquilibriumMuscle] psoas_l
2025-12-26 21:58:31.483 | INFO     | myoconverter.xml.parsers:parse:59 - [PathPointParser: PathPoint] psoas_l-P1
2025-12-26 21:58:31.483 | INFO     | myoconverter.xml.parsers:parse:59 - [PathPointParser: PathPoint] psoas_l-P2
2025-12-26 21:58:31.483 | INFO     | myoconverter.xml.parsers:parse:59 - [PathPointParser: PathPoint] psoas_l-P3
2025-12-26 21:58:31.483 | INFO     | myoconverter.xml.parsers:parse:59 - [PathPointParser: PathPoint] psoas_l-P4
2025-12-26 21:58:31.483 | INFO     | myoconverter.xml.parsers:parse:59 - [PathWrapSetParser: PathWrapSet] 
2025-12-26 21:58:31.486 | INFO     | myoconverter.xml.parsers:parse:59 - [PathWrapParser: PathWrap] pathwrap
2025-12-26 21:58:31.487 | INFO     | myoconverter.xml.parsers:parse:59 - [ForceParser: Millard2012EquilibriumMuscle] recfem_l
2025-12-26 21:58:31.487 | INFO     | myoconverter.xml.parsers:parse:59 - [PathPointParser: PathPoint] recfem_l-P1
2025-12-26 21:58:31.487 | INFO     | myoconverter.xml.parsers:parse:59 - [PathPointParser: PathPoint] recfem_l-P2
2025-12-26 21:58:31.487 | INFO     | myoconverter.xml.parsers:parse:59 - [PathPointParser: PathPoint] recfem_l-P3
2025-12-26 21:58:31.487 | INFO     | myoconverter.xml.parsers:parse:59 - [PathPointParser: PathPoint] recfem_l-P4
2025-12-26 21:58:31.488 | INFO     | myoconverter.xml.parsers:parse:59 - [PathPointParser: PathPoint] recfem_l-P5
2025-12-26 21:58:31.488 | INFO     | myoconverter.xml.parsers:parse:59 - [PathWrapSetParser: PathWrapSet] 
2025-12-26 21:58:31.488 | INFO     | myoconverter.xml.parsers:parse:59 - [PathWrapParser: PathWrap] pathwrap
2025-12-26 21:58:31.491 | INFO     | myoconverter.xml.parsers:parse:59 - [ForceParser: Millard2012EquilibriumMuscle] sart_l
2025-12-26 21:58:31.492 | INFO     | myoconverter.xml.parsers:parse:59 - [PathPointParser: PathPoint] sart_l-P1
2025-12-26 21:58:31.492 | INFO     | myoconverter.xml.parsers:parse:59 - [PathPointParser: PathPoint] sart_l-P2
2025-12-26 21:58:31.492 | INFO     | myoconverter.xml.parsers:parse:59 - [PathPointParser: PathPoint] sart_l-P3
2025-12-26 21:58:31.492 | INFO     | myoconverter.xml.parsers:parse:59 - [PathPointParser: PathPoint] sart_l-P4
2025-12-26 21:58:31.492 | INFO     | myoconverter.xml.parsers:parse:59 - [PathPointParser: PathPoint] sart_l-P5
2025-12-26 21:58:31.492 | INFO     | myoconverter.xml.parsers:parse:59 - [PathWrapSetParser: PathWrapSet] 
2025-12-26 21:58:31.492 | INFO     | myoconverter.xml.parsers:parse:59 - [ForceParser: Millard2012EquilibriumMuscle] semimem_l
2025-12-26 21:58:31.492 | INFO     | myoconverter.xml.parsers:parse:59 - [PathPointParser: PathPoint] semimem_l-P1
2025-12-26 21:58:31.492 | INFO     | myoconverter.xml.parsers:parse:59 - [PathPointParser: PathPoint] semimem_l-P2
2025-12-26 21:58:31.492 | INFO     | myoconverter.xml.parsers:parse:59 - [PathWrapSetParser: PathWrapSet] 
2025-12-26 21:58:31.492 | INFO     | myoconverter.xml.parsers:parse:59 - [PathWrapParser: PathWrap] pathwrap
2025-12-26 21:58:31.493 | INFO     | myoconverter.xml.parsers:parse:59 - [ForceParser: Millard2012EquilibriumMuscle] semiten_l
2025-12-26 21:58:31.493 | INFO     | myoconverter.xml.parsers:parse:59 - [PathPointParser: PathPoint] semiten_l-P1
2025-12-26 21:58:31.493 | INFO     | myoconverter.xml.parsers:parse:59 - [PathPointParser: PathPoint] semiten_l-P2
2025-12-26 21:58:31.493 | INFO     | myoconverter.xml.parsers:parse:59 - [PathPointParser: PathPoint] semiten_l-P3
2025-12-26 21:58:31.493 | INFO     | myoconverter.xml.parsers:parse:59 - [PathWrapSetParser: PathWrapSet] 
2025-12-26 21:58:31.493 | INFO     | myoconverter.xml.parsers:parse:59 - [PathWrapParser: PathWrap] pathwrap
2025-12-26 21:58:31.494 | INFO     | myoconverter.xml.parsers:parse:59 - [ForceParser: Millard2012EquilibriumMuscle] soleus_l
2025-12-26 21:58:31.494 | INFO     | myoconverter.xml.parsers:parse:59 - [PathPointParser: PathPoint] soleus_l-P1
2025-12-26 21:58:31.494 | INFO     | myoconverter.xml.parsers:parse:59 - [PathPointParser: PathPoint] soleus_l-P2
2025-12-26 21:58:31.494 | INFO     | myoconverter.xml.parsers:parse:59 - [PathWrapSetParser: PathWrapSet] 
2025-12-26 21:58:31.494 | INFO     | myoconverter.xml.parsers:parse:59 - [ForceParser: Millard2012EquilibriumMuscle] tfl_l
2025-12-26 21:58:31.494 | INFO     | myoconverter.xml.parsers:parse:59 - [PathPointParser: PathPoint] tfl_l-P1
2025-12-26 21:58:31.494 | INFO     | myoconverter.xml.parsers:parse:59 - [PathPointParser: PathPoint] tfl_l-P2
2025-12-26 21:58:31.494 | INFO     | myoconverter.xml.parsers:parse:59 - [PathPointParser: PathPoint] tfl_l-P3
2025-12-26 21:58:31.494 | INFO     | myoconverter.xml.parsers:parse:59 - [PathPointParser: PathPoint] tfl_l-P4
2025-12-26 21:58:31.494 | INFO     | myoconverter.xml.parsers:parse:59 - [PathWrapSetParser: PathWrapSet] 
2025-12-26 21:58:31.494 | INFO     | myoconverter.xml.parsers:parse:59 - [ForceParser: Millard2012EquilibriumMuscle] tibant_l
2025-12-26 21:58:31.494 | INFO     | myoconverter.xml.parsers:parse:59 - [PathPointParser: PathPoint] tibant_l-P1
2025-12-26 21:58:31.494 | INFO     | myoconverter.xml.parsers:parse:59 - [PathPointParser: PathPoint] tibant_l-P2
2025-12-26 21:58:31.494 | INFO     | myoconverter.xml.parsers:parse:59 - [PathPointParser: PathPoint] tibant_l-P3
2025-12-26 21:58:31.494 | INFO     | myoconverter.xml.parsers:parse:59 - [PathPointParser: PathPoint] tibant_l-P4
2025-12-26 21:58:31.495 | INFO     | myoconverter.xml.parsers:parse:59 - [PathWrapSetParser: PathWrapSet] 
2025-12-26 21:58:31.495 | INFO     | myoconverter.xml.parsers:parse:59 - [ForceParser: Millard2012EquilibriumMuscle] tibpost_l
2025-12-26 21:58:31.495 | INFO     | myoconverter.xml.parsers:parse:59 - [PathPointParser: PathPoint] tibpost_l-P1
2025-12-26 21:58:31.495 | INFO     | myoconverter.xml.parsers:parse:59 - [PathPointParser: PathPoint] tibpost_l-P2
2025-12-26 21:58:31.495 | INFO     | myoconverter.xml.parsers:parse:59 - [PathPointParser: PathPoint] tibpost_l-P3
2025-12-26 21:58:31.495 | INFO     | myoconverter.xml.parsers:parse:59 - [PathPointParser: PathPoint] tibpost_l-P4
2025-12-26 21:58:31.495 | INFO     | myoconverter.xml.parsers:parse:59 - [PathWrapSetParser: PathWrapSet] 
2025-12-26 21:58:31.495 | INFO     | myoconverter.xml.parsers:parse:59 - [ForceParser: Millard2012EquilibriumMuscle] vasint_l
2025-12-26 21:58:31.495 | INFO     | myoconverter.xml.parsers:parse:59 - [PathPointParser: PathPoint] vasint_l-P1
2025-12-26 21:58:31.495 | INFO     | myoconverter.xml.parsers:parse:59 - [PathPointParser: PathPoint] vasint_l-P2
2025-12-26 21:58:31.495 | INFO     | myoconverter.xml.parsers:parse:59 - [PathPointParser: PathPoint] vasint_l-P3
2025-12-26 21:58:31.495 | INFO     | myoconverter.xml.parsers:parse:59 - [PathPointParser: PathPoint] vasint_l-P4
2025-12-26 21:58:31.495 | INFO     | myoconverter.xml.parsers:parse:59 - [PathPointParser: PathPoint] vasint_l-P5
2025-12-26 21:58:31.495 | INFO     | myoconverter.xml.parsers:parse:59 - [PathWrapSetParser: PathWrapSet] 
2025-12-26 21:58:31.495 | INFO     | myoconverter.xml.parsers:parse:59 - [PathWrapParser: PathWrap] pathwrap
2025-12-26 21:58:31.499 | INFO     | myoconverter.xml.parsers:parse:59 - [ForceParser: Millard2012EquilibriumMuscle] vaslat_l
2025-12-26 21:58:31.503 | INFO     | myoconverter.xml.parsers:parse:59 - [PathPointParser: PathPoint] vaslat_l-P1
2025-12-26 21:58:31.503 | INFO     | myoconverter.xml.parsers:parse:59 - [PathPointParser: PathPoint] vaslat_l-P2
2025-12-26 21:58:31.504 | INFO     | myoconverter.xml.parsers:parse:59 - [PathPointParser: PathPoint] vaslat_l-P3
2025-12-26 21:58:31.504 | INFO     | myoconverter.xml.parsers:parse:59 - [PathPointParser: PathPoint] vaslat_l-P4
2025-12-26 21:58:31.504 | INFO     | myoconverter.xml.parsers:parse:59 - [PathPointParser: PathPoint] vaslat_l-P5
2025-12-26 21:58:31.504 | INFO     | myoconverter.xml.parsers:parse:59 - [PathWrapSetParser: PathWrapSet] 
2025-12-26 21:58:31.507 | INFO     | myoconverter.xml.parsers:parse:59 - [PathWrapParser: PathWrap] pathwrap
2025-12-26 21:58:31.518 | INFO     | myoconverter.xml.parsers:parse:59 - [ForceParser: Millard2012EquilibriumMuscle] vasmed_l
2025-12-26 21:58:31.518 | INFO     | myoconverter.xml.parsers:parse:59 - [PathPointParser: PathPoint] vasmed_l-P1
2025-12-26 21:58:31.518 | INFO     | myoconverter.xml.parsers:parse:59 - [PathPointParser: PathPoint] vasmed_l-P2
2025-12-26 21:58:31.519 | INFO     | myoconverter.xml.parsers:parse:59 - [PathPointParser: PathPoint] vasmed_l-P3
2025-12-26 21:58:31.519 | INFO     | myoconverter.xml.parsers:parse:59 - [PathPointParser: PathPoint] vasmed_l-P4
2025-12-26 21:58:31.519 | INFO     | myoconverter.xml.parsers:parse:59 - [PathPointParser: PathPoint] vasmed_l-P5
2025-12-26 21:58:31.519 | INFO     | myoconverter.xml.parsers:parse:59 - [PathWrapSetParser: PathWrapSet] 
2025-12-26 21:58:31.519 | INFO     | myoconverter.xml.parsers:parse:59 - [PathWrapParser: PathWrap] pathwrap
2025-12-26 21:58:31.526 | INFO     | myoconverter.xml.parsers:parse:59 - [ForceParser: CoordinateActuator] lumbar_ext
2025-12-26 21:58:31.526 | INFO     | myoconverter.xml.parsers:parse:59 - [ForceParser: CoordinateActuator] lumbar_bend
2025-12-26 21:58:31.526 | INFO     | myoconverter.xml.parsers:parse:59 - [ForceParser: CoordinateActuator] lumbar_rot
2025-12-26 21:58:31.526 | INFO     | myoconverter.xml.converter:_parse_markers:165 - Starting to parse markers
2025-12-26 21:58:31.526 | INFO     | myoconverter.xml.converter:_set_keyframe:176 - Setting the default keyframe
2025-12-26 21:58:31.528 | INFO     | myoconverter.xml.converter:convert:65 - Writing the converted model into GaitDynamics/output/example_opensim_model_cvt1.xml
2025-12-26 21:58:31.530 | INFO     | myoconverter.xml.converter:convert:68 - All good, conversion procedure is finished
2025-12-26 21:58:31.530 | INFO     | myoconverter.conversion_steps.O2MSteps:PipelineExecution:126 - Finished step 1 conversion - cvt1.
2025-12-26 21:58:31.530 | INFO     | myoconverter.conversion_steps.O2MSteps:PipelineExecution:145 - validation is set to False, skipped step 1 validation - vlt1.
